<?xml version="1.0" encoding="UTF-8"?>
<robot generator="Rebot 5.0.1 (Python 3.10.8 on win32)" generated="20221018 10:58:47.100" rpa="false" schemaversion="3">
<suite id="s1" name="Tests" source="D:\cFun\dev\robotFrameworkProject\Tests">
<suite id="s1-s1" name="Amazon" source="D:\cFun\dev\robotFrameworkProject\Tests\Amazon.robot">
<test id="s1-s1-t1" name="TC-AMAZON-001 Verify login procedure" line="8">
<kw name="AMAZON-001_Go To URL">
<kw name="Open Browser" library="SeleniumLibrary">
<arg>https://www.amazon.com</arg>
<arg>firefox</arg>
<doc>Opens a new browser instance to the optional ``url``.</doc>
<msg timestamp="20221018 10:58:33.994" level="INFO">Opening browser 'firefox' to base url 'https://www.amazon.com'.</msg>
<msg timestamp="20221018 10:58:33.995" level="INFO">Firefox driver log is always forced to to: D:\cFun\dev\robotFrameworkProject\pabot_results\0\geckodriver-1.log</msg>
<status status="PASS" starttime="20221018 10:58:33.994" endtime="20221018 10:58:41.740"/>
</kw>
<status status="PASS" starttime="20221018 10:58:33.993" endtime="20221018 10:58:41.741"/>
</kw>
<kw name="Close Browser" library="SeleniumLibrary">
<doc>Closes the current browser.</doc>
<status status="PASS" starttime="20221018 10:58:41.741" endtime="20221018 10:58:42.723"/>
</kw>
<doc>This is basic info about the test</doc>
<tag>Smoke</tag>
<status status="PASS" starttime="20221018 10:58:33.991" endtime="20221018 10:58:42.724"/>
</test>
<doc>This is some basic info about this suite.</doc>
<status status="PASS" starttime="20221018 10:58:33.744" endtime="20221018 10:58:42.725"/>
</suite>
<suite id="s1-s2" name="Joel" source="D:\cFun\dev\robotFrameworkProject\Tests\joel.robot">
<test id="s1-s2-t1" name="TC-001_Joel" line="20">
<kw name="Open Browser" library="SeleniumLibrary">
<arg>${BASEPAGE}</arg>
<arg>${browser}</arg>
<doc>Opens a new browser instance to the optional ``url``.</doc>
<msg timestamp="20221018 10:58:33.985" level="INFO">Opening browser 'chrome' to base url 'https://www.db.yugioh-card.com/yugiohdb/card_search.action?ope=2&amp;cid=4041'.</msg>
<status status="PASS" starttime="20221018 10:58:33.984" endtime="20221018 10:58:39.149"/>
</kw>
<kw name="Wait Until Page Contains Element" library="SeleniumLibrary">
<arg>${BASETAG}</arg>
<arg>${BASEPAGE_TIMEOUT}</arg>
<doc>Waits until the element ``locator`` appears on the current page.</doc>
<status status="PASS" starttime="20221018 10:58:39.150" endtime="20221018 10:58:39.183"/>
</kw>
<kw name="Get Text" library="SeleniumLibrary">
<var>${item}</var>
<arg>${basetag}</arg>
<doc>Returns the text value of the element identified by ``locator``.</doc>
<msg timestamp="20221018 10:58:39.215" level="INFO">${item} = UR</msg>
<status status="PASS" starttime="20221018 10:58:39.184" endtime="20221018 10:58:39.215"/>
</kw>
<kw name="Log" library="BuiltIn">
<arg>${item}</arg>
<doc>Logs the given message with the given level.</doc>
<msg timestamp="20221018 10:58:39.216" level="INFO">UR</msg>
<status status="PASS" starttime="20221018 10:58:39.215" endtime="20221018 10:58:39.216"/>
</kw>
<kw name="Element_Scroll To Element">
<arg>${basetag}</arg>
<kw name="Get Vertical Position" library="SeleniumLibrary">
<var>${y}</var>
<arg>${e}</arg>
<doc>Returns the vertical position of the element identified by ``locator``.</doc>
<msg timestamp="20221018 10:58:39.238" level="INFO">${y} = 978</msg>
<status status="PASS" starttime="20221018 10:58:39.217" endtime="20221018 10:58:39.239"/>
</kw>
<kw name="Evaluate" library="BuiltIn">
<var>${scroll}</var>
<arg>int(float("${y}")) - ${Y-VAR}</arg>
<doc>Evaluates the given expression in Python and returns the result.</doc>
<msg timestamp="20221018 10:58:39.240" level="INFO">${scroll} = 928</msg>
<status status="PASS" starttime="20221018 10:58:39.239" endtime="20221018 10:58:39.240"/>
</kw>
<kw name="Execute Javascript" library="SeleniumLibrary">
<arg>scrollTo(0, ${scroll})</arg>
<doc>Executes the given JavaScript code with possible arguments.</doc>
<msg timestamp="20221018 10:58:39.241" level="INFO">Executing JavaScript:
scrollTo(0, 928)
Without any arguments.</msg>
<status status="PASS" starttime="20221018 10:58:39.240" endtime="20221018 10:58:39.247"/>
</kw>
<status status="PASS" starttime="20221018 10:58:39.216" endtime="20221018 10:58:39.247"/>
</kw>
<kw name="Wait Until Element Is Visible" library="SeleniumLibrary">
<arg>${basetag}</arg>
<arg>${BASEPAGE_TIMEOUT}</arg>
<doc>Waits until the element ``locator`` is visible.</doc>
<status status="PASS" starttime="20221018 10:58:39.247" endtime="20221018 10:58:39.400"/>
</kw>
<kw name="Mouse Over" library="SeleniumLibrary">
<arg>${basetag}</arg>
<doc>Simulates hovering the mouse over the element ``locator``.</doc>
<msg timestamp="20221018 10:58:39.401" level="INFO">Simulating Mouse Over on element '//div[@id='update_list']//div[1]//div[1]//div[3]//div[1]//p'.</msg>
<status status="PASS" starttime="20221018 10:58:39.401" endtime="20221018 10:58:40.075"/>
</kw>
<kw name="Wait Until Element Is Visible" library="SeleniumLibrary">
<arg>${targettag}</arg>
<arg>${BASEPAGE_TIMEOUT}</arg>
<doc>Waits until the element ``locator`` is visible.</doc>
<status status="PASS" starttime="20221018 10:58:40.075" endtime="20221018 10:58:40.509"/>
</kw>
<kw name="Get Text" library="SeleniumLibrary">
<var>${target}</var>
<arg>${TARGETTAG}</arg>
<doc>Returns the text value of the element identified by ``locator``.</doc>
<msg timestamp="20221018 10:58:40.694" level="INFO">${target} = Ultra Rare</msg>
<status status="PASS" starttime="20221018 10:58:40.509" endtime="20221018 10:58:40.694"/>
</kw>
<kw name="Log" library="BuiltIn">
<arg>${target}</arg>
<doc>Logs the given message with the given level.</doc>
<msg timestamp="20221018 10:58:40.695" level="INFO">Ultra Rare</msg>
<status status="PASS" starttime="20221018 10:58:40.694" endtime="20221018 10:58:40.695"/>
</kw>
<kw name="Close Browser" library="SeleniumLibrary">
<doc>Closes the current browser.</doc>
<status status="PASS" starttime="20221018 10:58:40.695" endtime="20221018 10:58:42.923"/>
</kw>
<status status="PASS" starttime="20221018 10:58:33.983" endtime="20221018 10:58:42.923"/>
</test>
<status status="PASS" starttime="20221018 10:58:33.742" endtime="20221018 10:58:42.924"/>
</suite>
<suite id="s1-s3" name="SelectRoomFeatureSuite" source="D:\cFun\dev\robotFrameworkProject\Tests\SelectRoomFeatureSuite.robot">
<test id="s1-s3-t1" name="TC-001-Select default room" line="22">
<kw name="BasePageObject-Go To URL" library="BasePageObject" type="SETUP">
<kw name="Open Browser" library="SeleniumLibrary">
<arg>${BASEPAGE}</arg>
<arg>${browser}</arg>
<doc>Opens a new browser instance to the optional ``url``.</doc>
<msg timestamp="20221018 10:58:34.010" level="INFO">Opening browser 'chrome' to base url 'https://automationintesting.online/'.</msg>
<status status="PASS" starttime="20221018 10:58:34.009" endtime="20221018 10:58:36.687"/>
</kw>
<status status="PASS" starttime="20221018 10:58:34.008" endtime="20221018 10:58:36.687"/>
</kw>
<kw name="SelectRoomFeature-Select Room To Book" library="SelectRoomFeature">
<arg>${DEFAULT_ROOM}</arg>
<doc>This keyword selects the intended room from the list of displayed rooms.</doc>
<kw name="Set Variable" library="BuiltIn">
<var>${book_room_button_locator}</var>
<arg>${RoomPrefix}${room_name}${RoomSuffix}</arg>
<doc>Returns the given values which can then be assigned to a variables.</doc>
<msg timestamp="20221018 10:58:36.688" level="INFO">${book_room_button_locator} = //div[contains(.,"single")][@class="row hotel-room-info"]//button</msg>
<status status="PASS" starttime="20221018 10:58:36.688" endtime="20221018 10:58:36.688"/>
</kw>
<kw name="Log" library="BuiltIn">
<arg>${book_room_button_locator}</arg>
<doc>Logs the given message with the given level.</doc>
<msg timestamp="20221018 10:58:36.689" level="INFO">//div[contains(.,"single")][@class="row hotel-room-info"]//button</msg>
<status status="PASS" starttime="20221018 10:58:36.689" endtime="20221018 10:58:36.689"/>
</kw>
<kw name="Wait Until Page Contains Element" library="SeleniumLibrary">
<arg>${book_room_button_locator}</arg>
<arg>${BASEPAGE_TIMEOUT}</arg>
<doc>Waits until the element ``locator`` appears on the current page.</doc>
<status status="PASS" starttime="20221018 10:58:36.689" endtime="20221018 10:58:36.703"/>
</kw>
<kw name="Click Button" library="SeleniumLibrary">
<arg>${book_room_button_locator}</arg>
<doc>Clicks the button identified by ``locator``.</doc>
<msg timestamp="20221018 10:58:36.704" level="INFO">Clicking button '//div[contains(.,"single")][@class="row hotel-room-info"]//button'.</msg>
<status status="PASS" starttime="20221018 10:58:36.703" endtime="20221018 10:58:36.825"/>
</kw>
<status status="PASS" starttime="20221018 10:58:36.687" endtime="20221018 10:58:36.826"/>
</kw>
<kw name="BasePageObject-Close" library="BasePageObject" type="TEARDOWN">
<kw name="Close Browser" library="SeleniumLibrary">
<doc>Closes the current browser.</doc>
<status status="PASS" starttime="20221018 10:58:36.827" endtime="20221018 10:58:38.932"/>
</kw>
<status status="PASS" starttime="20221018 10:58:36.826" endtime="20221018 10:58:38.933"/>
</kw>
<doc>This test checks functionality of selecting the default room.</doc>
<tag>smoke</tag>
<status status="PASS" starttime="20221018 10:58:34.006" endtime="20221018 10:58:38.933"/>
</test>
<test id="s1-s3-t2" name="TC-002-Book room for today" line="28">
<kw name="BasePageObject-Go To URL" library="BasePageObject" type="SETUP">
<kw name="Open Browser" library="SeleniumLibrary">
<arg>${BASEPAGE}</arg>
<arg>${browser}</arg>
<doc>Opens a new browser instance to the optional ``url``.</doc>
<msg timestamp="20221018 10:58:38.938" level="INFO">Opening browser 'chrome' to base url 'https://automationintesting.online/'.</msg>
<status status="PASS" starttime="20221018 10:58:38.937" endtime="20221018 10:58:43.657"/>
</kw>
<status status="PASS" starttime="20221018 10:58:38.936" endtime="20221018 10:58:43.658"/>
</kw>
<kw name="SelectRoomFeature-Book Room For Today" library="SelectRoomFeature">
<arg>${DEFAULT_ROOM}</arg>
<arg>${first_name}</arg>
<arg>${last_name}</arg>
<arg>${email}</arg>
<arg>${phone_number}</arg>
<doc>This keyword books the selected room with the provided info.</doc>
<kw name="SelectRoomFeature-Select Room To Book" library="SelectRoomFeature">
<arg>${room_name}</arg>
<doc>This keyword selects the intended room from the list of displayed rooms.</doc>
<kw name="Set Variable" library="BuiltIn">
<var>${book_room_button_locator}</var>
<arg>${RoomPrefix}${room_name}${RoomSuffix}</arg>
<doc>Returns the given values which can then be assigned to a variables.</doc>
<msg timestamp="20221018 10:58:43.660" level="INFO">${book_room_button_locator} = //div[contains(.,"single")][@class="row hotel-room-info"]//button</msg>
<status status="PASS" starttime="20221018 10:58:43.659" endtime="20221018 10:58:43.660"/>
</kw>
<kw name="Log" library="BuiltIn">
<arg>${book_room_button_locator}</arg>
<doc>Logs the given message with the given level.</doc>
<msg timestamp="20221018 10:58:43.660" level="INFO">//div[contains(.,"single")][@class="row hotel-room-info"]//button</msg>
<status status="PASS" starttime="20221018 10:58:43.660" endtime="20221018 10:58:43.660"/>
</kw>
<kw name="Wait Until Page Contains Element" library="SeleniumLibrary">
<arg>${book_room_button_locator}</arg>
<arg>${BASEPAGE_TIMEOUT}</arg>
<doc>Waits until the element ``locator`` appears on the current page.</doc>
<status status="PASS" starttime="20221018 10:58:43.661" endtime="20221018 10:58:43.887"/>
</kw>
<kw name="Click Button" library="SeleniumLibrary">
<arg>${book_room_button_locator}</arg>
<doc>Clicks the button identified by ``locator``.</doc>
<msg timestamp="20221018 10:58:43.888" level="INFO">Clicking button '//div[contains(.,"single")][@class="row hotel-room-info"]//button'.</msg>
<status status="PASS" starttime="20221018 10:58:43.888" endtime="20221018 10:58:43.998"/>
</kw>
<status status="PASS" starttime="20221018 10:58:43.659" endtime="20221018 10:58:43.999"/>
</kw>
<kw name="BookRoomFeature-Book Room Today" library="BookRoomFeature">
<arg>${first_name}</arg>
<arg>${last_name}</arg>
<arg>${email}</arg>
<arg>${number}</arg>
<doc>This keyword books a selected room for current day.</doc>
<kw name="BookRoomFeature-Enter First Name" library="BookRoomFeature">
<arg>${first_name}</arg>
<doc>This keyword enters in the chosen first name for the booking feature.</doc>
<kw name="Wait Until Page Contains Element" library="SeleniumLibrary">
<arg>${RoomBookingFirstName}</arg>
<arg>${BASEPAGE_TIMEOUT}</arg>
<doc>Waits until the element ``locator`` appears on the current page.</doc>
<status status="PASS" starttime="20221018 10:58:44.002" endtime="20221018 10:58:44.013"/>
</kw>
<kw name="Input Text" library="SeleniumLibrary">
<arg>${RoomBookingFirstName}</arg>
<arg>${first_name}</arg>
<doc>Types the given ``text`` into the text field identified by ``locator``.</doc>
<msg timestamp="20221018 10:58:44.014" level="INFO">Typing text 'Snoopie' into text field '//input[@placeholder='Firstname']'.</msg>
<status status="PASS" starttime="20221018 10:58:44.014" endtime="20221018 10:58:44.158"/>
</kw>
<status status="PASS" starttime="20221018 10:58:44.000" endtime="20221018 10:58:44.159"/>
</kw>
<kw name="BookRoomFeature-Enter Last Name" library="BookRoomFeature">
<arg>$last_name</arg>
<doc>This keyword enters in the chosen last name for the booking feature.</doc>
<kw name="Wait Until Page Contains Element" library="SeleniumLibrary">
<arg>${RoomBookingLastName}</arg>
<arg>${BASEPAGE_TIMEOUT}</arg>
<doc>Waits until the element ``locator`` appears on the current page.</doc>
<status status="PASS" starttime="20221018 10:58:44.159" endtime="20221018 10:58:44.171"/>
</kw>
<kw name="Input Text" library="SeleniumLibrary">
<arg>${RoomBookingLastName}</arg>
<arg>${last_name}</arg>
<doc>Types the given ``text`` into the text field identified by ``locator``.</doc>
<msg timestamp="20221018 10:58:44.172" level="INFO">Typing text '$last_name' into text field '//input[@placeholder='Lastname']'.</msg>
<status status="PASS" starttime="20221018 10:58:44.171" endtime="20221018 10:58:44.356"/>
</kw>
<status status="PASS" starttime="20221018 10:58:44.159" endtime="20221018 10:58:44.356"/>
</kw>
<kw name="BookRoomFeature-Enter Email" library="BookRoomFeature">
<arg>$email</arg>
<doc>This keyword enteres in the chosen email for the booking feature.</doc>
<kw name="Wait Until Page Contains Element" library="SeleniumLibrary">
<arg>${RoomBookingEmail}</arg>
<arg>${BASEPAGE_TIMEOUT}</arg>
<doc>Waits until the element ``locator`` appears on the current page.</doc>
<status status="PASS" starttime="20221018 10:58:44.357" endtime="20221018 10:58:44.368"/>
</kw>
<kw name="Input Text" library="SeleniumLibrary">
<arg>${RoomBookingEmail}</arg>
<arg>${email}</arg>
<doc>Types the given ``text`` into the text field identified by ``locator``.</doc>
<msg timestamp="20221018 10:58:44.370" level="INFO">Typing text '$email' into text field '//input[@name='email']'.</msg>
<status status="PASS" starttime="20221018 10:58:44.369" endtime="20221018 10:58:44.485"/>
</kw>
<status status="PASS" starttime="20221018 10:58:44.356" endtime="20221018 10:58:44.485"/>
</kw>
<kw name="BookRoomFeature-Enter Phone Number" library="BookRoomFeature">
<arg>$number</arg>
<doc>This keyword enters in the chosen number for the booking feature.</doc>
<kw name="Wait Until Page Contains Element" library="SeleniumLibrary">
<arg>${RoomBookingPhoneNumber}</arg>
<arg>${BASEPAGE_TIMEOUT}</arg>
<doc>Waits until the element ``locator`` appears on the current page.</doc>
<status status="PASS" starttime="20221018 10:58:44.486" endtime="20221018 10:58:44.497"/>
</kw>
<kw name="Input Text" library="SeleniumLibrary">
<arg>${RoomBookingPhoneNumber}</arg>
<arg>${number}</arg>
<doc>Types the given ``text`` into the text field identified by ``locator``.</doc>
<msg timestamp="20221018 10:58:44.498" level="INFO">Typing text '$number' into text field '//input[@name='phone']'.</msg>
<status status="PASS" starttime="20221018 10:58:44.498" endtime="20221018 10:58:44.606"/>
</kw>
<status status="PASS" starttime="20221018 10:58:44.485" endtime="20221018 10:58:44.606"/>
</kw>
<kw name="BookRoomFeature-Press Book Room button" library="BookRoomFeature">
<doc>This keyword presses the book button for the selected room.</doc>
<kw name="Wait Until Page Contains Element" library="SeleniumLibrary">
<arg>${RoomBookingBookButton}</arg>
<arg>${BASEPAGE_TIMEOUT}</arg>
<doc>Waits until the element ``locator`` appears on the current page.</doc>
<status status="PASS" starttime="20221018 10:58:44.607" endtime="20221018 10:58:44.618"/>
</kw>
<kw name="Click Button" library="SeleniumLibrary">
<arg>${RoomBookingBookButton}</arg>
<doc>Clicks the button identified by ``locator``.</doc>
<msg timestamp="20221018 10:58:44.619" level="INFO">Clicking button '//button[normalize-space()='Book']'.</msg>
<status status="PASS" starttime="20221018 10:58:44.619" endtime="20221018 10:58:44.672"/>
</kw>
<status status="PASS" starttime="20221018 10:58:44.606" endtime="20221018 10:58:44.672"/>
</kw>
<status status="PASS" starttime="20221018 10:58:43.999" endtime="20221018 10:58:44.672"/>
</kw>
<status status="PASS" starttime="20221018 10:58:43.658" endtime="20221018 10:58:44.672"/>
</kw>
<kw name="BasePageObject-Close" library="BasePageObject" type="TEARDOWN">
<kw name="Close Browser" library="SeleniumLibrary">
<doc>Closes the current browser.</doc>
<status status="PASS" starttime="20221018 10:58:44.673" endtime="20221018 10:58:46.747"/>
</kw>
<status status="PASS" starttime="20221018 10:58:44.673" endtime="20221018 10:58:46.747"/>
</kw>
<doc>This test checks if a user can select a room and then cancel that selection</doc>
<tag>critical</tag>
<status status="PASS" starttime="20221018 10:58:38.935" endtime="20221018 10:58:46.748"/>
</test>
<doc>Testing the Select Room Feature</doc>
<status status="PASS" starttime="20221018 10:58:33.741" endtime="20221018 10:58:46.749"/>
</suite>
<doc>[https://pabot.org/?ref=log|Pabot] result from 3 executions.</doc>
<status status="PASS" starttime="20221018 10:58:33.718" endtime="20221018 10:58:46.751"/>
</suite>
<statistics>
<total>
<stat pass="4" fail="0" skip="0">All Tests</stat>
</total>
<tag>
<stat pass="1" fail="0" skip="0">critical</stat>
<stat pass="2" fail="0" skip="0">Smoke</stat>
</tag>
<suite>
<stat pass="4" fail="0" skip="0" id="s1" name="Tests">Tests</stat>
<stat pass="1" fail="0" skip="0" id="s1-s1" name="Amazon">Tests.Amazon</stat>
<stat pass="1" fail="0" skip="0" id="s1-s2" name="Joel">Tests.Joel</stat>
<stat pass="2" fail="0" skip="0" id="s1-s3" name="SelectRoomFeatureSuite">Tests.SelectRoomFeatureSuite</stat>
</suite>
</statistics>
<errors>
</errors>
</robot>
