<?xml version="1.0" encoding="UTF-8"?>
<robot generator="Robot 5.0.1 (Python 3.10.8 on win32)" generated="20221018 10:58:33.707" rpa="false" schemaversion="3">
<suite id="s1" name="Tests" source="D:\cFun\dev\robotFrameworkProject\Tests">
<suite id="s1-s1" name="Amazon" source="D:\cFun\dev\robotFrameworkProject\Tests\Amazon.robot">
<test id="s1-s1-t1" name="TC-AMAZON-001 Verify login procedure" line="8">
<kw name="AMAZON-001_Go To URL">
<kw name="Open Browser" library="SeleniumLibrary">
<arg>https://www.amazon.com</arg>
<arg>firefox</arg>
<doc>Opens a new browser instance to the optional ``url``.</doc>
<msg timestamp="20221018 10:58:33.994" level="INFO">Opening browser 'firefox' to base url 'https://www.amazon.com'.</msg>
<msg timestamp="20221018 10:58:33.995" level="INFO">Firefox driver log is always forced to to: D:\cFun\dev\robotFrameworkProject\pabot_results\0\geckodriver-1.log</msg>
<status status="PASS" starttime="20221018 10:58:33.994" endtime="20221018 10:58:41.740"/>
</kw>
<status status="PASS" starttime="20221018 10:58:33.993" endtime="20221018 10:58:41.741"/>
</kw>
<kw name="Close Browser" library="SeleniumLibrary">
<doc>Closes the current browser.</doc>
<status status="PASS" starttime="20221018 10:58:41.741" endtime="20221018 10:58:42.723"/>
</kw>
<doc>This is basic info about the test</doc>
<tag>Smoke</tag>
<status status="PASS" starttime="20221018 10:58:33.991" endtime="20221018 10:58:42.724"/>
</test>
<doc>This is some basic info about this suite.</doc>
<status status="PASS" starttime="20221018 10:58:33.744" endtime="20221018 10:58:42.725"/>
</suite>
<status status="PASS" starttime="20221018 10:58:33.718" endtime="20221018 10:58:42.728"/>
</suite>
<statistics>
<total>
<stat pass="1" fail="0" skip="0">All Tests</stat>
</total>
<tag>
<stat pass="1" fail="0" skip="0">Smoke</stat>
</tag>
<suite>
<stat pass="1" fail="0" skip="0" id="s1" name="Tests">Tests</stat>
<stat pass="1" fail="0" skip="0" id="s1-s1" name="Amazon">Tests.Amazon</stat>
</suite>
</statistics>
<errors>
</errors>
</robot>
